c[?7l[2J[0mSeaBIOS (version rel-1.14.0-0-g155821a1990b-prebuilt.qemu.org)


iPXE (http://ipxe.org) 00:03.0 CA00 PCI2.10 PnP PMM+07F8F290+07EEF290 CA00
Press Ctrl-B to configure iPXE (PCI 00:03.0)...                                                                               


Booting from Hard Disk..(THU.CST) os is loading ...

Special kernel symbols:
  entry  0x00100000 (phys)
  etext  0x001035f1 (phys)
  edata  0x0010fa16 (phys)
  end    0x00110d20 (phys)
Kernel executable memory footprint: 68KB
ebp:0x00007b28 eip:0x00100ab3 0x00007b30 0x00007b34 0x00007b38 0x00007b3c 
    kern/debug/kdebug.c:306: print_stackframe+25
ebp:0x00007b38 eip:0x00100daa 0x00007b40 0x00007b44 0x00007b48 0x00007b4c 
    kern/debug/kmonitor.c:125: mon_backtrace+14
ebp:0x00007b58 eip:0x00100096 0x00007b60 0x00007b64 0x00007b68 0x00007b6c 
    kern/init/init.c:48: grade_backtrace2+37
ebp:0x00007b78 eip:0x001000c4 0x00007b80 0x00007b84 0x00007b88 0x00007b8c 
    kern/init/init.c:53: grade_backtrace1+42
ebp:0x00007b98 eip:0x001000e7 0x00007ba0 0x00007ba4 0x00007ba8 0x00007bac 
    kern/init/init.c:58: grade_backtrace0+27
ebp:0x00007bb8 eip:0x00100111 0x00007bc0 0x00007bc4 0x00007bc8 0x00007bcc 
    kern/init/init.c:63: grade_backtrace+38
ebp:0x00007be8 eip:0x00100055 0x00007bf0 0x00007bf4 0x00007bf8 0x00007bfc 
    kern/init/init.c:28: kern_init+84
ebp:0x00007bf8 eip:0x00007d74 0x00007c00 0x00007c04 0x00007c08 0x00007c0c 
    <unknow>: -- 0x00007d73 --
++ setup timer interrupts
100 ticks
End of Test.
kernel panic at kern/trap/trap.c:18:
    EOT: kernel seems ok.
stack trackback:
ebp:0x00007ad0 eip:0x00100ab3 0x00007ad8 0x00007adc 0x00007ae0 0x00007ae4 
    kern/debug/kdebug.c:306: print_stackframe+25
ebp:0x00007b00 eip:0x0010045c 0x00007b08 0x00007b0c 0x00007b10 0x00007b14 
    kern/debug/panic.c:27: __panic+107
ebp:0x00007b20 eip:0x0010192b 0x00007b28 0x00007b2c 0x00007b30 0x00007b34 
    kern/trap/trap.c:0: print_ticks+69
ebp:0x00007b50 eip:0x00101df3 0x00007b58 0x00007b5c 0x00007b60 0x00007b64 
    kern/trap/trap.c:191: trap_dispatch+145
ebp:0x00007b70 eip:0x00101eb1 0x00007b78 0x00007b7c 0x00007b80 0x00007b84 
    kern/trap/trap.c:228: trap+20
ebp:0x00007be8 eip:0x0010293c 0x00007bf0 0x00007bf4 0x00007bf8 0x00007bfc 
    kern/trap/trapentry.S:24: <unknown>+0
ebp:0x00007bf8 eip:0x00007d74 0x00007c00 0x00007c04 0x00007c08 0x00007c0c 
    <unknow>: -- 0x00007d73 --
Welcome to the kernel debug monitor!!
Type 'help' for a list of commands.
K> 